Der Buildvorgang wurde am 24.11.2015 12:15:11 gestartet.
     1>Projekt "C:\Users\Daniel.Daniel-PC\Documents\Visual Studio 2015\Projects\football\football\football.vcxproj" auf Knoten "2", Build Ziel(e).
     1>ClCompile:
         C:\Program Files (x86)\Microsoft Visual Studio 14.0\VC\bin\CL.exe /c /ZI /nologo /W3 /WX- /Od /Oy- /D WIN32 /D _DEBUG /D _CONSOLE /D _UNICODE /D UNICODE /Gm /EHsc /RTC1 /MDd /GS /fp:precise /Zc:wchar_t /Zc:forScope /Zc:inline /Fo"Debug\\" /Fd"Debug\vc140.pdb" /Gd /TP /analyze- /errorReport:prompt Fieldplayer.cpp Game.cpp Team.cpp football.cpp
         football.cpp
     1>c:\users\daniel.daniel-pc\documents\visual studio 2015\projects\football\football\team.h(14): error C2143: Syntaxfehler: Es fehlt ";" vor "*"
     1>c:\users\daniel.daniel-pc\documents\visual studio 2015\projects\football\football\team.h(14): error C4430: Fehlender Typspezifizierer - int wird angenommen. Hinweis: "default-int" wird von C++ nicht unterstützt.
     1>c:\users\daniel.daniel-pc\documents\visual studio 2015\projects\football\football\team.h(14): error C2238: Unerwartete(s) Token vor ";"
     1>c:\users\daniel.daniel-pc\documents\visual studio 2015\projects\football\football\team.h(17): error C2143: Syntaxfehler: Es fehlt ";" vor "*"
     1>c:\users\daniel.daniel-pc\documents\visual studio 2015\projects\football\football\team.h(17): error C4430: Fehlender Typspezifizierer - int wird angenommen. Hinweis: "default-int" wird von C++ nicht unterstützt.
     1>c:\users\daniel.daniel-pc\documents\visual studio 2015\projects\football\football\team.h(17): error C2238: Unerwartete(s) Token vor ";"
     1>c:\users\daniel.daniel-pc\documents\visual studio 2015\projects\football\football\team.h(18): error C2061: Syntaxfehler: Bezeichner "CFieldplayer"
     1>c:\users\daniel.daniel-pc\documents\visual studio 2015\projects\football\football\football.cpp(38): error C2660: "CTeam::addFieldplayer": Funktion akzeptiert keine 1 Argumente
     1>c:\users\daniel.daniel-pc\documents\visual studio 2015\projects\football\football\football.cpp(39): error C2660: "CTeam::addFieldplayer": Funktion akzeptiert keine 1 Argumente
         Team.cpp
     1>c:\users\daniel.daniel-pc\documents\visual studio 2015\projects\football\football\fieldplayer.h(18): error C2061: Syntaxfehler: Bezeichner "CTeam"
     1>c:\users\daniel.daniel-pc\documents\visual studio 2015\projects\football\football\fieldplayer.h(19): error C2061: Syntaxfehler: Bezeichner "CTeam"
         Game.cpp
     1>c:\users\daniel.daniel-pc\documents\visual studio 2015\projects\football\football\team.h(14): error C2143: Syntaxfehler: Es fehlt ";" vor "*"
     1>c:\users\daniel.daniel-pc\documents\visual studio 2015\projects\football\football\team.h(14): error C4430: Fehlender Typspezifizierer - int wird angenommen. Hinweis: "default-int" wird von C++ nicht unterstützt.
     1>c:\users\daniel.daniel-pc\documents\visual studio 2015\projects\football\football\team.h(14): error C2238: Unerwartete(s) Token vor ";"
     1>c:\users\daniel.daniel-pc\documents\visual studio 2015\projects\football\football\team.h(17): error C2143: Syntaxfehler: Es fehlt ";" vor "*"
     1>c:\users\daniel.daniel-pc\documents\visual studio 2015\projects\football\football\team.h(17): error C4430: Fehlender Typspezifizierer - int wird angenommen. Hinweis: "default-int" wird von C++ nicht unterstützt.
     1>c:\users\daniel.daniel-pc\documents\visual studio 2015\projects\football\football\team.h(17): error C2238: Unerwartete(s) Token vor ";"
     1>c:\users\daniel.daniel-pc\documents\visual studio 2015\projects\football\football\team.h(18): error C2061: Syntaxfehler: Bezeichner "CFieldplayer"
     1>c:\users\daniel.daniel-pc\documents\visual studio 2015\projects\football\football\game.cpp(40): error C2039: "m_pPlayer": Ist kein Element von "CTeam"
         c:\users\daniel.daniel-pc\documents\visual studio 2015\projects\football\football\team.h(6): note: Siehe Deklaration von "CTeam"
     1>c:\users\daniel.daniel-pc\documents\visual studio 2015\projects\football\football\game.cpp(40): error C2227: Links von "->m_Position" muss sich ein Zeiger auf Klassen-/Struktur-/Union-/generischen Typ befinden.
     1>c:\users\daniel.daniel-pc\documents\visual studio 2015\projects\football\football\game.cpp(40): error C2228: Links von ".setPosition" müssen sich in einer Klasse/Struktur/Union befinden
     1>c:\users\daniel.daniel-pc\documents\visual studio 2015\projects\football\football\game.cpp(47): error C2039: "m_pPlayer": Ist kein Element von "CTeam"
         c:\users\daniel.daniel-pc\documents\visual studio 2015\projects\football\football\team.h(6): note: Siehe Deklaration von "CTeam"
     1>c:\users\daniel.daniel-pc\documents\visual studio 2015\projects\football\football\game.cpp(47): error C2227: Links von "->getBall" muss sich ein Zeiger auf Klassen-/Struktur-/Union-/generischen Typ befinden.
     1>c:\users\daniel.daniel-pc\documents\visual studio 2015\projects\football\football\game.cpp(68): error C2039: "m_pPlayer": Ist kein Element von "CTeam"
         c:\users\daniel.daniel-pc\documents\visual studio 2015\projects\football\football\team.h(6): note: Siehe Deklaration von "CTeam"
     1>c:\users\daniel.daniel-pc\documents\visual studio 2015\projects\football\football\game.cpp(68): error C2227: Links von "->pass" muss sich ein Zeiger auf Klassen-/Struktur-/Union-/generischen Typ befinden.
     1>c:\users\daniel.daniel-pc\documents\visual studio 2015\projects\football\football\game.cpp(76): error C2039: "m_pPlayer": Ist kein Element von "CTeam"
         c:\users\daniel.daniel-pc\documents\visual studio 2015\projects\football\football\team.h(6): note: Siehe Deklaration von "CTeam"
     1>c:\users\daniel.daniel-pc\documents\visual studio 2015\projects\football\football\game.cpp(76): error C2227: Links von "->pass" muss sich ein Zeiger auf Klassen-/Struktur-/Union-/generischen Typ befinden.
     1>c:\users\daniel.daniel-pc\documents\visual studio 2015\projects\football\football\game.cpp(80): error C2039: "m_pPlayer": Ist kein Element von "CTeam"
         c:\users\daniel.daniel-pc\documents\visual studio 2015\projects\football\football\team.h(6): note: Siehe Deklaration von "CTeam"
     1>c:\users\daniel.daniel-pc\documents\visual studio 2015\projects\football\football\game.cpp(80): error C2227: Links von "->pass" muss sich ein Zeiger auf Klassen-/Struktur-/Union-/generischen Typ befinden.
     1>c:\users\daniel.daniel-pc\documents\visual studio 2015\projects\football\football\game.cpp(90): error C2039: "m_pPlayer": Ist kein Element von "CTeam"
         c:\users\daniel.daniel-pc\documents\visual studio 2015\projects\football\football\team.h(6): note: Siehe Deklaration von "CTeam"
     1>c:\users\daniel.daniel-pc\documents\visual studio 2015\projects\football\football\game.cpp(90): error C2227: Links von "->goal" muss sich ein Zeiger auf Klassen-/Struktur-/Union-/generischen Typ befinden.
     1>c:\users\daniel.daniel-pc\documents\visual studio 2015\projects\football\football\game.cpp(94): error C2039: "m_pPlayer": Ist kein Element von "CTeam"
         c:\users\daniel.daniel-pc\documents\visual studio 2015\projects\football\football\team.h(6): note: Siehe Deklaration von "CTeam"
     1>c:\users\daniel.daniel-pc\documents\visual studio 2015\projects\football\football\game.cpp(94): error C2227: Links von "->goal" muss sich ein Zeiger auf Klassen-/Struktur-/Union-/generischen Typ befinden.
         Fieldplayer.cpp
     1>c:\users\daniel.daniel-pc\documents\visual studio 2015\projects\football\football\team.h(14): error C2143: Syntaxfehler: Es fehlt ";" vor "*"
     1>c:\users\daniel.daniel-pc\documents\visual studio 2015\projects\football\football\team.h(14): error C4430: Fehlender Typspezifizierer - int wird angenommen. Hinweis: "default-int" wird von C++ nicht unterstützt.
     1>c:\users\daniel.daniel-pc\documents\visual studio 2015\projects\football\football\team.h(14): error C2238: Unerwartete(s) Token vor ";"
     1>c:\users\daniel.daniel-pc\documents\visual studio 2015\projects\football\football\team.h(17): error C2143: Syntaxfehler: Es fehlt ";" vor "*"
     1>c:\users\daniel.daniel-pc\documents\visual studio 2015\projects\football\football\team.h(17): error C4430: Fehlender Typspezifizierer - int wird angenommen. Hinweis: "default-int" wird von C++ nicht unterstützt.
     1>c:\users\daniel.daniel-pc\documents\visual studio 2015\projects\football\football\team.h(17): error C2238: Unerwartete(s) Token vor ";"
     1>c:\users\daniel.daniel-pc\documents\visual studio 2015\projects\football\football\team.h(18): error C2061: Syntaxfehler: Bezeichner "CFieldplayer"
     1>c:\users\daniel.daniel-pc\documents\visual studio 2015\projects\football\football\fieldplayer.cpp(61): error C2039: "getFieldplayer": Ist kein Element von "CTeam"
         c:\users\daniel.daniel-pc\documents\visual studio 2015\projects\football\football\team.h(6): note: Siehe Deklaration von "CTeam"
     1>c:\users\daniel.daniel-pc\documents\visual studio 2015\projects\football\football\fieldplayer.cpp(64): error C2039: "m_pPlayer": Ist kein Element von "CTeam"
         c:\users\daniel.daniel-pc\documents\visual studio 2015\projects\football\football\team.h(6): note: Siehe Deklaration von "CTeam"
     1>c:\users\daniel.daniel-pc\documents\visual studio 2015\projects\football\football\fieldplayer.cpp(64): error C2227: Links von "->m_Position" muss sich ein Zeiger auf Klassen-/Struktur-/Union-/generischen Typ befinden.
     1>c:\users\daniel.daniel-pc\documents\visual studio 2015\projects\football\football\fieldplayer.cpp(64): error C2228: Links von ".getXPosition" müssen sich in einer Klasse/Struktur/Union befinden
     1>c:\users\daniel.daniel-pc\documents\visual studio 2015\projects\football\football\fieldplayer.cpp(65): error C2039: "m_pPlayer": Ist kein Element von "CTeam"
         c:\users\daniel.daniel-pc\documents\visual studio 2015\projects\football\football\team.h(6): note: Siehe Deklaration von "CTeam"
     1>c:\users\daniel.daniel-pc\documents\visual studio 2015\projects\football\football\fieldplayer.cpp(65): error C2227: Links von "->m_Position" muss sich ein Zeiger auf Klassen-/Struktur-/Union-/generischen Typ befinden.
     1>c:\users\daniel.daniel-pc\documents\visual studio 2015\projects\football\football\fieldplayer.cpp(65): error C2228: Links von ".getYPosition" müssen sich in einer Klasse/Struktur/Union befinden
     1>c:\users\daniel.daniel-pc\documents\visual studio 2015\projects\football\football\fieldplayer.cpp(92): error C2039: "m_pPlayer": Ist kein Element von "CTeam"
         c:\users\daniel.daniel-pc\documents\visual studio 2015\projects\football\football\team.h(6): note: Siehe Deklaration von "CTeam"
     1>c:\users\daniel.daniel-pc\documents\visual studio 2015\projects\football\football\fieldplayer.cpp(92): error C2227: Links von "->getBall" muss sich ein Zeiger auf Klassen-/Struktur-/Union-/generischen Typ befinden.
         Code wird generiert...
     1>Die Erstellung des Projekts "C:\Users\Daniel.Daniel-PC\Documents\Visual Studio 2015\Projects\football\football\football.vcxproj" ist abgeschlossen, Build Ziel(e) -- FEHLER.

Fehler beim Buildvorgang.

Verstrichene Zeit 00:00:02.26
